<?xml version="1.0" encoding="UTF-8"?>
<testng-results ignored="0" total="2" passed="2" failed="0" skipped="0">
  <reporter-output>
  </reporter-output>
  <suite started-at="2024-10-17T10:57:40 IST" name="Surefire suite" finished-at="2024-10-17T10:57:40 IST" duration-ms="56">
    <groups>
    </groups>
    <test started-at="2024-10-17T10:57:40 IST" name="Surefire test" finished-at="2024-10-17T10:57:40 IST" duration-ms="56">
      <class name="com.second.AppTest">
        <test-method signature="testlogin1()[pri:0, instance:com.second.AppTest@3a079870]" started-at="2024-10-17T10:57:40 IST" name="testlogin1" finished-at="2024-10-17T10:57:40 IST" duration-ms="12" status="PASS">
          <reporter-output>
          </reporter-output>
        </test-method> <!-- testlogin1 -->
        <test-method signature="testlogin2()[pri:0, instance:com.second.AppTest@3a079870]" started-at="2024-10-17T10:57:40 IST" name="testlogin2" finished-at="2024-10-17T10:57:40 IST" duration-ms="1" status="PASS">
          <reporter-output>
          </reporter-output>
        </test-method> <!-- testlogin2 -->
      </class> <!-- com.second.AppTest -->
    </test> <!-- Surefire test -->
  </suite> <!-- Surefire suite -->
</testng-results>
